func (m1 Matrix) MulWinograd(m2 Matrix) (Matrix, error) {
	res, _ := Create(m1.rows, m2.columns)
	rf := m1.rowFactor()
	cf := m2.columnFactor()
	for i := 0; i < res.rows; i++ {
		for j := 0; j < res.columns; j++ {
			res.data[i][j] = -rf[i] - cf[j]
			for k := 0; k < m1.columns/2; k++ {
				res.data[i][j] = res.data[i][j] + (m1.data[i][k*2+1]+
					m2.data[k*2][j])*(m1.data[i][k*2]+m2.data[k*2+1][j])
			}
		}
	}
	if m1.columns%2 != 0 {
		for i := 0; i < res.rows; i++ {
			for j := 0; j < res.columns; j++ {
				res.data[i][j] = res.data[i][j] + (m1.data[i][m1.columns-1] *
					m2.data[m2.rows-1][j])
			}
		}
	}
	return res, nil
}